<?xml version="1.0" encoding="UTF-8"?>
<!-- Generated by org.testng.reporters.JUnitReportReporter -->
<testsuite hostname="Admin-PC" name="gittest.MyGitTest" tests="1" failures="0" timestamp="27 Sep 2017 04:06:08 GMT" time="0.013" errors="0">
  <testcase name="f" time="0.013" classname="gittest.MyGitTest"/>
</testsuite> <!-- gittest.MyGitTest -->
