<?xml version="1.0" encoding="UTF-8"?>
<!-- Generated by org.testng.reporters.JUnitReportReporter -->
<testsuite hostname="Admin-PC" name="gittest.MyGitTest" tests="1" failures="0" timestamp="25 Sep 2017 03:07:16 GMT" time="0.016" errors="0">
  <testcase name="f" time="0.016" classname="gittest.MyGitTest"/>
</testsuite> <!-- gittest.MyGitTest -->
