<?xml version="1.0" encoding="UTF-8"?>
<!-- Generated by org.testng.reporters.JUnitReportReporter -->
<testsuite skipped="0" hostname="Admin-PC" name="gittest.MyGitTest" tests="1" failures="0" timestamp="25 Sep 2017 04:22:20 GMT" time="0.063" errors="0">
  <testcase name="f" time="0.063" classname="gittest.MyGitTest"/>
</testsuite> <!-- gittest.MyGitTest -->
